<?xml version="1.0" encoding="UTF-8"?>
<testng-results ignored="0" total="1" passed="1" failed="0" skipped="0">
  <reporter-output>
  </reporter-output>
  <suite started-at="2019-10-11T10:28:22 CEST" name="LaunchandLogin" finished-at="2019-10-11T10:28:35 CEST" duration-ms="12984">
    <groups>
      <group name="cucumber">
        <method signature="AbstractTestNGCucumberTests.feature(cucumber.api.testng.CucumberFeatureWrapper)[pri:0, instance:Snapengage_Cucumber.snapengage_Runner.MainRunner@4466af20]" name="feature" class="cucumber.api.testng.AbstractTestNGCucumberTests"/>
      </group> <!-- cucumber -->
    </groups>
    <test started-at="2019-10-11T10:28:22 CEST" name="snapEnagage" finished-at="2019-10-11T10:28:35 CEST" duration-ms="12984">
      <class name="Snapengage_Cucumber.snapengage_Runner.MainRunner">
        <test-method is-config="true" signature="setUpClass()[pri:0, instance:Snapengage_Cucumber.snapengage_Runner.MainRunner@4466af20]" started-at="2019-10-11T10:28:22 CEST" name="setUpClass" finished-at="2019-10-11T10:28:23 CEST" duration-ms="496" status="PASS">
          <reporter-output>
          </reporter-output>
        </test-method> <!-- setUpClass -->
        <test-method signature="feature(cucumber.api.testng.CucumberFeatureWrapper)[pri:0, instance:Snapengage_Cucumber.snapengage_Runner.MainRunner@4466af20]" started-at="2019-10-11T10:28:23 CEST" name="feature" description="Runs Cucumber Feature" data-provider="features" finished-at="2019-10-11T10:28:35 CEST" duration-ms="11673" status="PASS">
          <params>
            <param index="0">
              <value>
                <![CDATA[Login into account]]>
              </value>
            </param>
          </params>
          <reporter-output>
          </reporter-output>
        </test-method> <!-- feature -->
        <test-method is-config="true" signature="tearDownClass()[pri:0, instance:Snapengage_Cucumber.snapengage_Runner.MainRunner@4466af20]" started-at="2019-10-11T10:28:35 CEST" name="tearDownClass" finished-at="2019-10-11T10:28:35 CEST" duration-ms="608" status="PASS">
          <reporter-output>
          </reporter-output>
        </test-method> <!-- tearDownClass -->
      </class> <!-- Snapengage_Cucumber.snapengage_Runner.MainRunner -->
    </test> <!-- snapEnagage -->
  </suite> <!-- LaunchandLogin -->
</testng-results>
